<?xml version="1.0" encoding="UTF-8"?>
<!-- Generated by org.testng.reporters.JUnitXMLReporter -->
<testsuite ignored="0" hostname="DESKTOP-RRRD9DM" failures="6" tests="11" name="ChromeTest" time="87.979" errors="0" timestamp="2022-05-31T17:15:13 IST">
  <testcase classname="com.SauceDemo.TESTClasses.TC05DropdownFunctionality" name="DropDownFunctionality" time="1.292"/>
  <testcase classname="com.SauceDemo.TESTClasses.TC05DropdownFunctionality" name="DropDownFunctionality" time="14.24">
    <failure type="java.lang.NullPointerException" message="Cannot invoke &amp;quot;org.openqa.selenium.WebDriver.getTitle()&amp;quot; because &amp;quot;driver&amp;quot; is null">
      <![CDATA[java.lang.NullPointerException: Cannot invoke "org.openqa.selenium.WebDriver.getTitle()" because "driver" is null
at com.SauceDemo.UtilityClasses.ScreenShots.takesScreenshot(ScreenShots.java:22)
at com.SauceDemo.UtilityClasses.Listeners.onTestSuccess(Listeners.java:23)
at java.base/java.util.concurrent.ThreadPoolExecutor.runWorker(ThreadPoolExecutor.java:1136)
at java.base/java.util.concurrent.ThreadPoolExecutor$Worker.run(ThreadPoolExecutor.java:635)
at java.base/java.lang.Thread.run(Thread.java:833)
... Removed 9 stack frames]]>
    </failure>
  </testcase> <!-- DropDownFunctionality -->
  <testcase classname="com.SauceDemo.TESTClasses.TC06LogoutFunctionality" name="logoutFunctionality" time="1.222"/>
  <testcase classname="com.SauceDemo.TESTClasses.TC06LogoutFunctionality" name="logoutFunctionality" time="18.689">
    <failure type="java.lang.NullPointerException" message="Cannot invoke &amp;quot;org.openqa.selenium.WebDriver.getTitle()&amp;quot; because &amp;quot;driver&amp;quot; is null">
      <![CDATA[java.lang.NullPointerException: Cannot invoke "org.openqa.selenium.WebDriver.getTitle()" because "driver" is null
at com.SauceDemo.UtilityClasses.ScreenShots.takesScreenshot(ScreenShots.java:22)
at com.SauceDemo.UtilityClasses.Listeners.onTestSuccess(Listeners.java:23)
at java.base/java.util.concurrent.ThreadPoolExecutor.runWorker(ThreadPoolExecutor.java:1136)
at java.base/java.util.concurrent.ThreadPoolExecutor$Worker.run(ThreadPoolExecutor.java:635)
at java.base/java.lang.Thread.run(Thread.java:833)
... Removed 9 stack frames]]>
    </failure>
  </testcase> <!-- logoutFunctionality -->
  <testcase classname="com.SauceDemo.TESTClasses.TC02AddToCartSingleProductFunctionality" name="SingleProductAddTOCartFunctionality" time="0.468"/>
  <testcase classname="com.SauceDemo.TESTClasses.TC02AddToCartSingleProductFunctionality" name="SingleProductAddTOCartFunctionality" time="18.746">
    <failure type="java.lang.NullPointerException" message="Cannot invoke &amp;quot;org.openqa.selenium.WebDriver.getTitle()&amp;quot; because &amp;quot;driver&amp;quot; is null">
      <![CDATA[java.lang.NullPointerException: Cannot invoke "org.openqa.selenium.WebDriver.getTitle()" because "driver" is null
at com.SauceDemo.UtilityClasses.ScreenShots.takesScreenshot(ScreenShots.java:22)
at com.SauceDemo.UtilityClasses.Listeners.onTestSuccess(Listeners.java:23)
at java.base/java.util.concurrent.ThreadPoolExecutor.runWorker(ThreadPoolExecutor.java:1136)
at java.base/java.util.concurrent.ThreadPoolExecutor$Worker.run(ThreadPoolExecutor.java:635)
at java.base/java.lang.Thread.run(Thread.java:833)
... Removed 9 stack frames]]>
    </failure>
  </testcase> <!-- SingleProductAddTOCartFunctionality -->
  <testcase classname="com.SauceDemo.TESTClasses.TC01LoginFunctionality" name="verifyLoginFunctionality" time="0.79"/>
  <testcase classname="com.SauceDemo.TESTClasses.TC01LoginFunctionality" name="verifyLoginFunctionality" time="19.224">
    <failure type="java.lang.NullPointerException" message="Cannot invoke &amp;quot;org.openqa.selenium.WebDriver.getTitle()&amp;quot; because &amp;quot;driver&amp;quot; is null">
      <![CDATA[java.lang.NullPointerException: Cannot invoke "org.openqa.selenium.WebDriver.getTitle()" because "driver" is null
at com.SauceDemo.UtilityClasses.ScreenShots.takesScreenshot(ScreenShots.java:22)
at com.SauceDemo.UtilityClasses.Listeners.onTestSuccess(Listeners.java:23)
at java.base/java.util.concurrent.ThreadPoolExecutor.runWorker(ThreadPoolExecutor.java:1136)
at java.base/java.util.concurrent.ThreadPoolExecutor$Worker.run(ThreadPoolExecutor.java:635)
at java.base/java.lang.Thread.run(Thread.java:833)
... Removed 9 stack frames]]>
    </failure>
  </testcase> <!-- verifyLoginFunctionality -->
  <testcase classname="com.SauceDemo.TESTClasses.TC03AddToCartMultiProductFunctionality" name="multiProductAddTOCartFunctionality" time="2.207"/>
  <testcase classname="com.SauceDemo.TESTClasses.TC03AddToCartMultiProductFunctionality" name="multiProductAddTOCartFunctionality" time="19.706">
    <failure type="java.lang.NullPointerException" message="Cannot invoke &amp;quot;org.openqa.selenium.WebDriver.getTitle()&amp;quot; because &amp;quot;driver&amp;quot; is null">
      <![CDATA[java.lang.NullPointerException: Cannot invoke "org.openqa.selenium.WebDriver.getTitle()" because "driver" is null
at com.SauceDemo.UtilityClasses.ScreenShots.takesScreenshot(ScreenShots.java:22)
at com.SauceDemo.UtilityClasses.Listeners.onTestSuccess(Listeners.java:23)
at java.base/java.util.concurrent.ThreadPoolExecutor.runWorker(ThreadPoolExecutor.java:1136)
at java.base/java.util.concurrent.ThreadPoolExecutor$Worker.run(ThreadPoolExecutor.java:635)
at java.base/java.lang.Thread.run(Thread.java:833)
... Removed 9 stack frames]]>
    </failure>
  </testcase> <!-- multiProductAddTOCartFunctionality -->
  <testcase classname="com.SauceDemo.TESTClasses.TC04MenuButtonFunctionality" name="menuButtonFunctionality" time="71.144">
    <failure type="java.lang.AssertionError" message="expected [https://www.saucedemo.com/inventory.html] but found [https://saucelabs.com/]">
      <![CDATA[java.lang.AssertionError: expected [https://www.saucedemo.com/inventory.html] but found [https://saucelabs.com/]
at com.SauceDemo.TESTClasses.TC04MenuButtonFunctionality.menuButtonFunctionality(TC04MenuButtonFunctionality.java:42)
at java.base/java.util.concurrent.ThreadPoolExecutor.runWorker(ThreadPoolExecutor.java:1136)
at java.base/java.util.concurrent.ThreadPoolExecutor$Worker.run(ThreadPoolExecutor.java:635)
at java.base/java.lang.Thread.run(Thread.java:833)
... Removed 18 stack frames]]>
    </failure>
  </testcase> <!-- menuButtonFunctionality -->
</testsuite> <!-- ChromeTest -->
