<?xml version="1.0" encoding="UTF-8"?>
<!-- Generated by org.testng.reporters.JUnitXMLReporter -->
<testsuite ignored="0" hostname="DESKTOP-RRRD9DM" failures="6" tests="12" name="FirefoxTest" time="200.447" errors="0" timestamp="2022-05-31T17:18:33 IST">
  <testcase classname="com.SauceDemo.TESTClasses.TC06LogoutFunctionality" name="logoutFunctionality" time="0.515"/>
  <testcase classname="com.SauceDemo.TESTClasses.TC06LogoutFunctionality" name="logoutFunctionality" time="10.21">
    <failure type="java.lang.NullPointerException" message="Cannot invoke &amp;quot;org.openqa.selenium.WebDriver.getTitle()&amp;quot; because &amp;quot;driver&amp;quot; is null">
      <![CDATA[java.lang.NullPointerException: Cannot invoke "org.openqa.selenium.WebDriver.getTitle()" because "driver" is null
at com.SauceDemo.UtilityClasses.ScreenShots.takesScreenshot(ScreenShots.java:22)
at com.SauceDemo.UtilityClasses.Listeners.onTestSuccess(Listeners.java:23)
at java.base/java.util.ArrayList.forEach(ArrayList.java:1511)
... Removed 24 stack frames]]>
    </failure>
  </testcase> <!-- logoutFunctionality -->
  <testcase classname="com.SauceDemo.TESTClasses.TC02AddToCartSingleProductFunctionality" name="SingleProductAddTOCartFunctionality" time="0.252"/>
  <testcase classname="com.SauceDemo.TESTClasses.TC02AddToCartSingleProductFunctionality" name="SingleProductAddTOCartFunctionality" time="15.343">
    <failure type="java.lang.NullPointerException" message="Cannot invoke &amp;quot;org.openqa.selenium.WebDriver.getTitle()&amp;quot; because &amp;quot;driver&amp;quot; is null">
      <![CDATA[java.lang.NullPointerException: Cannot invoke "org.openqa.selenium.WebDriver.getTitle()" because "driver" is null
at com.SauceDemo.UtilityClasses.ScreenShots.takesScreenshot(ScreenShots.java:22)
at com.SauceDemo.UtilityClasses.Listeners.onTestSuccess(Listeners.java:23)
at java.base/java.util.ArrayList.forEach(ArrayList.java:1511)
... Removed 24 stack frames]]>
    </failure>
  </testcase> <!-- SingleProductAddTOCartFunctionality -->
  <testcase classname="com.SauceDemo.TESTClasses.TC05DropdownFunctionality" name="DropDownFunctionality" time="0.37"/>
  <testcase classname="com.SauceDemo.TESTClasses.TC05DropdownFunctionality" name="DropDownFunctionality" time="30.512">
    <failure type="java.lang.NullPointerException" message="Cannot invoke &amp;quot;org.openqa.selenium.WebDriver.getTitle()&amp;quot; because &amp;quot;driver&amp;quot; is null">
      <![CDATA[java.lang.NullPointerException: Cannot invoke "org.openqa.selenium.WebDriver.getTitle()" because "driver" is null
at com.SauceDemo.UtilityClasses.ScreenShots.takesScreenshot(ScreenShots.java:22)
at com.SauceDemo.UtilityClasses.Listeners.onTestSuccess(Listeners.java:23)
at java.base/java.util.ArrayList.forEach(ArrayList.java:1511)
... Removed 24 stack frames]]>
    </failure>
  </testcase> <!-- DropDownFunctionality -->
  <testcase classname="com.SauceDemo.TESTClasses.TC04MenuButtonFunctionality" name="menuButtonFunctionality" time="5.503"/>
  <testcase classname="com.SauceDemo.TESTClasses.TC04MenuButtonFunctionality" name="menuButtonFunctionality" time="27.822">
    <failure type="java.lang.NullPointerException" message="Cannot invoke &amp;quot;org.openqa.selenium.WebDriver.getTitle()&amp;quot; because &amp;quot;driver&amp;quot; is null">
      <![CDATA[java.lang.NullPointerException: Cannot invoke "org.openqa.selenium.WebDriver.getTitle()" because "driver" is null
at com.SauceDemo.UtilityClasses.ScreenShots.takesScreenshot(ScreenShots.java:22)
at com.SauceDemo.UtilityClasses.Listeners.onTestSuccess(Listeners.java:23)
at java.base/java.util.ArrayList.forEach(ArrayList.java:1511)
... Removed 24 stack frames]]>
    </failure>
  </testcase> <!-- menuButtonFunctionality -->
  <testcase classname="com.SauceDemo.TESTClasses.TC01LoginFunctionality" name="verifyLoginFunctionality" time="0.083"/>
  <testcase classname="com.SauceDemo.TESTClasses.TC01LoginFunctionality" name="verifyLoginFunctionality" time="88.017">
    <failure type="java.lang.NullPointerException" message="Cannot invoke &amp;quot;org.openqa.selenium.WebDriver.getTitle()&amp;quot; because &amp;quot;driver&amp;quot; is null">
      <![CDATA[java.lang.NullPointerException: Cannot invoke "org.openqa.selenium.WebDriver.getTitle()" because "driver" is null
at com.SauceDemo.UtilityClasses.ScreenShots.takesScreenshot(ScreenShots.java:22)
at com.SauceDemo.UtilityClasses.Listeners.onTestSuccess(Listeners.java:23)
at java.base/java.util.ArrayList.forEach(ArrayList.java:1511)
... Removed 24 stack frames]]>
    </failure>
  </testcase> <!-- verifyLoginFunctionality -->
  <testcase classname="com.SauceDemo.TESTClasses.TC03AddToCartMultiProductFunctionality" name="multiProductAddTOCartFunctionality" time="1.587"/>
  <testcase classname="com.SauceDemo.TESTClasses.TC03AddToCartMultiProductFunctionality" name="multiProductAddTOCartFunctionality" time="28.509">
    <failure type="java.lang.NullPointerException" message="Cannot invoke &amp;quot;org.openqa.selenium.WebDriver.getTitle()&amp;quot; because &amp;quot;driver&amp;quot; is null">
      <![CDATA[java.lang.NullPointerException: Cannot invoke "org.openqa.selenium.WebDriver.getTitle()" because "driver" is null
at com.SauceDemo.UtilityClasses.ScreenShots.takesScreenshot(ScreenShots.java:22)
at com.SauceDemo.UtilityClasses.Listeners.onTestSuccess(Listeners.java:23)
at java.base/java.util.ArrayList.forEach(ArrayList.java:1511)
... Removed 24 stack frames]]>
    </failure>
  </testcase> <!-- multiProductAddTOCartFunctionality -->
</testsuite> <!-- FirefoxTest -->
