<?xml version="1.0" encoding="UTF-8"?>
<!-- Generated by org.testng.reporters.JUnitXMLReporter -->
<testsuite ignored="0" hostname="DESKTOP-RRRD9DM" failures="1" tests="3" name="ChromeTest(failed)" time="36.207" errors="0" timestamp="2022-05-29T20:03:29 IST">
  <testcase classname="com.SauceDemo.TESTClasses.TC06LogoutFunctionality" name="logoutFunctionality" time="0.528"/>
  <testcase classname="com.SauceDemo.TESTClasses.TC02AddToCartSingleProductFunctionality" name="SingleProductAddTOCartFunctionality" time="0.8"/>
  <testcase classname="com.SauceDemo.TESTClasses.TC04MenuButtonFunctionality" name="menuButtonFunctionality" time="5.507">
    <failure type="java.lang.AssertionError" message="expected [https://saucelabs.com/] but found [https://www.saucedemo.com/inventory.html]">
      <![CDATA[java.lang.AssertionError: expected [https://saucelabs.com/] but found [https://www.saucedemo.com/inventory.html]
at com.SauceDemo.TESTClasses.TC04MenuButtonFunctionality.menuButtonFunctionality(TC04MenuButtonFunctionality.java:41)
at java.base/java.util.concurrent.ThreadPoolExecutor.runWorker(ThreadPoolExecutor.java:1136)
at java.base/java.util.concurrent.ThreadPoolExecutor$Worker.run(ThreadPoolExecutor.java:635)
at java.base/java.lang.Thread.run(Thread.java:833)
... Removed 18 stack frames]]>
    </failure>
  </testcase> <!-- menuButtonFunctionality -->
</testsuite> <!-- ChromeTest(failed) -->
