<!DOCTYPE html PUBLIC "-//W3C//DTD XHTML 1.1//EN" "https://www.w3.org/TR/xhtml11/DTD/xhtml11.dtd">
<html xmlns="https://www.w3.org/1999/xhtml">
<head>
<meta http-equiv="content-type" content="text/html; charset=UTF-8"/>
<title>TestNG Report</title>
<style type="text/css">table {margin-bottom:10px;border-collapse:collapse;empty-cells:show}th,td {border:1px solid #009;padding:.25em .5em}th {vertical-align:bottom}td {vertical-align:top}table a {font-weight:bold}.stripe td {background-color: #E6EBF9}.num {text-align:right}.passedodd td {background-color: #3F3}.passedeven td {background-color: #0A0}.skippedodd td {background-color: #DDD}.skippedeven td {background-color: #CCC}.failedodd td,.attn {background-color: #F33}.failedeven td,.stripe .attn {background-color: #D00}.stacktrace {white-space:pre;font-family:monospace}.totop {font-size:85%;text-align:center;border-bottom:2px solid #000}.invisible {display:none}</style>
</head>
<body>
<table>
<tr><th>Test</th><th># Passed</th><th># Skipped</th><th># Retried</th><th># Failed</th><th>Time (ms)</th><th>Included Groups</th><th>Excluded Groups</th></tr>
<tr><th colspan="8">Suite</th></tr>
<tr><td><a href="#t0">ChromeTest</a></td><td class="num">0</td><td class="num">0</td><td class="num">0</td><td class="num attn">6</td><td class="num">87,979</td><td></td><td></td></tr>
<tr class="stripe"><td><a href="#t1">FirefoxTest</a></td><td class="num">0</td><td class="num">0</td><td class="num">0</td><td class="num attn">6</td><td class="num">200,447</td><td></td><td></td></tr>
<tr><th>Total</th><th class="num">0</th><th class="num">0</th><th class="num">0</th><th class="num attn">12</th><th class="num">288,426</th><th colspan="2"></th></tr>
</table>
<table id='summary'><thead><tr><th>Class</th><th>Method</th><th>Start</th><th>Time (ms)</th></tr></thead><tbody><tr><th colspan="4">Suite</th></tr></tbody><tbody id="t0"><tr><th colspan="4">ChromeTest &#8212; failed</th></tr><tr class="failedeven"><td rowspan="1">com.SauceDemo.TESTClasses.TC01LoginFunctionality</td><td><a href="#m0">verifyLoginFunctionality</a></td><td rowspan="1">1653997425246</td><td rowspan="1">19224</td></tr><tr class="failedodd"><td rowspan="1">com.SauceDemo.TESTClasses.TC02AddToCartSingleProductFunctionality</td><td><a href="#m1">SingleProductAddTOCartFunctionality</a></td><td rowspan="1">1653997425246</td><td rowspan="1">18746</td></tr><tr class="failedeven"><td rowspan="1">com.SauceDemo.TESTClasses.TC03AddToCartMultiProductFunctionality</td><td><a href="#m2">multiProductAddTOCartFunctionality</a></td><td rowspan="1">1653997425246</td><td rowspan="1">19706</td></tr><tr class="failedodd"><td rowspan="1">com.SauceDemo.TESTClasses.TC04MenuButtonFunctionality</td><td><a href="#m3">menuButtonFunctionality</a></td><td rowspan="1">1653997441721</td><td rowspan="1">71144</td></tr><tr class="failedeven"><td rowspan="1">com.SauceDemo.TESTClasses.TC05DropdownFunctionality</td><td><a href="#m4">DropDownFunctionality</a></td><td rowspan="1">1653997425246</td><td rowspan="1">14240</td></tr><tr class="failedodd"><td rowspan="1">com.SauceDemo.TESTClasses.TC06LogoutFunctionality</td><td><a href="#m5">logoutFunctionality</a></td><td rowspan="1">1653997425246</td><td rowspan="1">18689</td></tr></tbody>
<tbody id="t1"><tr><th colspan="4">FirefoxTest &#8212; failed</th></tr><tr class="failedeven"><td rowspan="1">com.SauceDemo.TESTClasses.TC01LoginFunctionality</td><td><a href="#m6">verifyLoginFunctionality</a></td><td rowspan="1">1653997597153</td><td rowspan="1">88017</td></tr><tr class="failedodd"><td rowspan="1">com.SauceDemo.TESTClasses.TC02AddToCartSingleProductFunctionality</td><td><a href="#m7">SingleProductAddTOCartFunctionality</a></td><td rowspan="1">1653997523464</td><td rowspan="1">15343</td></tr><tr class="failedeven"><td rowspan="1">com.SauceDemo.TESTClasses.TC03AddToCartMultiProductFunctionality</td><td><a href="#m8">multiProductAddTOCartFunctionality</a></td><td rowspan="1">1653997685172</td><td rowspan="1">28509</td></tr><tr class="failedodd"><td rowspan="1">com.SauceDemo.TESTClasses.TC04MenuButtonFunctionality</td><td><a href="#m9">menuButtonFunctionality</a></td><td rowspan="1">1653997569326</td><td rowspan="1">27822</td></tr><tr class="failedeven"><td rowspan="1">com.SauceDemo.TESTClasses.TC05DropdownFunctionality</td><td><a href="#m10">DropDownFunctionality</a></td><td rowspan="1">1653997538811</td><td rowspan="1">30512</td></tr><tr class="failedodd"><td rowspan="1">com.SauceDemo.TESTClasses.TC06LogoutFunctionality</td><td><a href="#m11">logoutFunctionality</a></td><td rowspan="1">1653997513251</td><td rowspan="1">10210</td></tr></tbody>
</table>
<h2>ChromeTest</h2><h3 id="m0">com.SauceDemo.TESTClasses.TC01LoginFunctionality#verifyLoginFunctionality</h3><table class="result"><tr><th>Exception</th></tr><tr><td><div class="stacktrace">java.lang.NullPointerException: Cannot invoke &quot;org.openqa.selenium.WebDriver.getTitle()&quot; because &quot;driver&quot; is null
	at com.SauceDemo.UtilityClasses.ScreenShots.takesScreenshot(ScreenShots.java:22)
	at com.SauceDemo.UtilityClasses.Listeners.onTestSuccess(Listeners.java:23)
	at java.base/java.util.concurrent.ThreadPoolExecutor.runWorker(ThreadPoolExecutor.java:1136)
	at java.base/java.util.concurrent.ThreadPoolExecutor$Worker.run(ThreadPoolExecutor.java:635)
	at java.base/java.lang.Thread.run(Thread.java:833)
... Removed 9 stack frames</div></td></tr></table><p class="totop"><a href="#summary">back to summary</a></p>
<h3 id="m1">com.SauceDemo.TESTClasses.TC02AddToCartSingleProductFunctionality#SingleProductAddTOCartFunctionality</h3><table class="result"><tr><th>Exception</th></tr><tr><td><div class="stacktrace">java.lang.NullPointerException: Cannot invoke &quot;org.openqa.selenium.WebDriver.getTitle()&quot; because &quot;driver&quot; is null
	at com.SauceDemo.UtilityClasses.ScreenShots.takesScreenshot(ScreenShots.java:22)
	at com.SauceDemo.UtilityClasses.Listeners.onTestSuccess(Listeners.java:23)
	at java.base/java.util.concurrent.ThreadPoolExecutor.runWorker(ThreadPoolExecutor.java:1136)
	at java.base/java.util.concurrent.ThreadPoolExecutor$Worker.run(ThreadPoolExecutor.java:635)
	at java.base/java.lang.Thread.run(Thread.java:833)
... Removed 9 stack frames</div></td></tr></table><p class="totop"><a href="#summary">back to summary</a></p>
<h3 id="m2">com.SauceDemo.TESTClasses.TC03AddToCartMultiProductFunctionality#multiProductAddTOCartFunctionality</h3><table class="result"><tr><th>Exception</th></tr><tr><td><div class="stacktrace">java.lang.NullPointerException: Cannot invoke &quot;org.openqa.selenium.WebDriver.getTitle()&quot; because &quot;driver&quot; is null
	at com.SauceDemo.UtilityClasses.ScreenShots.takesScreenshot(ScreenShots.java:22)
	at com.SauceDemo.UtilityClasses.Listeners.onTestSuccess(Listeners.java:23)
	at java.base/java.util.concurrent.ThreadPoolExecutor.runWorker(ThreadPoolExecutor.java:1136)
	at java.base/java.util.concurrent.ThreadPoolExecutor$Worker.run(ThreadPoolExecutor.java:635)
	at java.base/java.lang.Thread.run(Thread.java:833)
... Removed 9 stack frames</div></td></tr></table><p class="totop"><a href="#summary">back to summary</a></p>
<h3 id="m3">com.SauceDemo.TESTClasses.TC04MenuButtonFunctionality#menuButtonFunctionality</h3><table class="result"><tr><th>Exception</th></tr><tr><td><div class="stacktrace">java.lang.AssertionError: expected [https://www.saucedemo.com/inventory.html] but found [https://saucelabs.com/]
	at com.SauceDemo.TESTClasses.TC04MenuButtonFunctionality.menuButtonFunctionality(TC04MenuButtonFunctionality.java:42)
	at java.base/java.util.concurrent.ThreadPoolExecutor.runWorker(ThreadPoolExecutor.java:1136)
	at java.base/java.util.concurrent.ThreadPoolExecutor$Worker.run(ThreadPoolExecutor.java:635)
	at java.base/java.lang.Thread.run(Thread.java:833)
... Removed 18 stack frames</div></td></tr></table><p class="totop"><a href="#summary">back to summary</a></p>
<h3 id="m4">com.SauceDemo.TESTClasses.TC05DropdownFunctionality#DropDownFunctionality</h3><table class="result"><tr><th>Exception</th></tr><tr><td><div class="stacktrace">java.lang.NullPointerException: Cannot invoke &quot;org.openqa.selenium.WebDriver.getTitle()&quot; because &quot;driver&quot; is null
	at com.SauceDemo.UtilityClasses.ScreenShots.takesScreenshot(ScreenShots.java:22)
	at com.SauceDemo.UtilityClasses.Listeners.onTestSuccess(Listeners.java:23)
	at java.base/java.util.concurrent.ThreadPoolExecutor.runWorker(ThreadPoolExecutor.java:1136)
	at java.base/java.util.concurrent.ThreadPoolExecutor$Worker.run(ThreadPoolExecutor.java:635)
	at java.base/java.lang.Thread.run(Thread.java:833)
... Removed 9 stack frames</div></td></tr></table><p class="totop"><a href="#summary">back to summary</a></p>
<h3 id="m5">com.SauceDemo.TESTClasses.TC06LogoutFunctionality#logoutFunctionality</h3><table class="result"><tr><th>Exception</th></tr><tr><td><div class="stacktrace">java.lang.NullPointerException: Cannot invoke &quot;org.openqa.selenium.WebDriver.getTitle()&quot; because &quot;driver&quot; is null
	at com.SauceDemo.UtilityClasses.ScreenShots.takesScreenshot(ScreenShots.java:22)
	at com.SauceDemo.UtilityClasses.Listeners.onTestSuccess(Listeners.java:23)
	at java.base/java.util.concurrent.ThreadPoolExecutor.runWorker(ThreadPoolExecutor.java:1136)
	at java.base/java.util.concurrent.ThreadPoolExecutor$Worker.run(ThreadPoolExecutor.java:635)
	at java.base/java.lang.Thread.run(Thread.java:833)
... Removed 9 stack frames</div></td></tr></table><p class="totop"><a href="#summary">back to summary</a></p>
<h2>FirefoxTest</h2><h3 id="m6">com.SauceDemo.TESTClasses.TC01LoginFunctionality#verifyLoginFunctionality</h3><table class="result"><tr><th>Exception</th></tr><tr><td><div class="stacktrace">java.lang.NullPointerException: Cannot invoke &quot;org.openqa.selenium.WebDriver.getTitle()&quot; because &quot;driver&quot; is null
	at com.SauceDemo.UtilityClasses.ScreenShots.takesScreenshot(ScreenShots.java:22)
	at com.SauceDemo.UtilityClasses.Listeners.onTestSuccess(Listeners.java:23)
	at java.base/java.util.ArrayList.forEach(ArrayList.java:1511)
... Removed 24 stack frames</div></td></tr></table><p class="totop"><a href="#summary">back to summary</a></p>
<h3 id="m7">com.SauceDemo.TESTClasses.TC02AddToCartSingleProductFunctionality#SingleProductAddTOCartFunctionality</h3><table class="result"><tr><th>Exception</th></tr><tr><td><div class="stacktrace">java.lang.NullPointerException: Cannot invoke &quot;org.openqa.selenium.WebDriver.getTitle()&quot; because &quot;driver&quot; is null
	at com.SauceDemo.UtilityClasses.ScreenShots.takesScreenshot(ScreenShots.java:22)
	at com.SauceDemo.UtilityClasses.Listeners.onTestSuccess(Listeners.java:23)
	at java.base/java.util.ArrayList.forEach(ArrayList.java:1511)
... Removed 24 stack frames</div></td></tr></table><p class="totop"><a href="#summary">back to summary</a></p>
<h3 id="m8">com.SauceDemo.TESTClasses.TC03AddToCartMultiProductFunctionality#multiProductAddTOCartFunctionality</h3><table class="result"><tr><th>Exception</th></tr><tr><td><div class="stacktrace">java.lang.NullPointerException: Cannot invoke &quot;org.openqa.selenium.WebDriver.getTitle()&quot; because &quot;driver&quot; is null
	at com.SauceDemo.UtilityClasses.ScreenShots.takesScreenshot(ScreenShots.java:22)
	at com.SauceDemo.UtilityClasses.Listeners.onTestSuccess(Listeners.java:23)
	at java.base/java.util.ArrayList.forEach(ArrayList.java:1511)
... Removed 24 stack frames</div></td></tr></table><p class="totop"><a href="#summary">back to summary</a></p>
<h3 id="m9">com.SauceDemo.TESTClasses.TC04MenuButtonFunctionality#menuButtonFunctionality</h3><table class="result"><tr><th>Exception</th></tr><tr><td><div class="stacktrace">java.lang.NullPointerException: Cannot invoke &quot;org.openqa.selenium.WebDriver.getTitle()&quot; because &quot;driver&quot; is null
	at com.SauceDemo.UtilityClasses.ScreenShots.takesScreenshot(ScreenShots.java:22)
	at com.SauceDemo.UtilityClasses.Listeners.onTestSuccess(Listeners.java:23)
	at java.base/java.util.ArrayList.forEach(ArrayList.java:1511)
... Removed 24 stack frames</div></td></tr></table><p class="totop"><a href="#summary">back to summary</a></p>
<h3 id="m10">com.SauceDemo.TESTClasses.TC05DropdownFunctionality#DropDownFunctionality</h3><table class="result"><tr><th>Exception</th></tr><tr><td><div class="stacktrace">java.lang.NullPointerException: Cannot invoke &quot;org.openqa.selenium.WebDriver.getTitle()&quot; because &quot;driver&quot; is null
	at com.SauceDemo.UtilityClasses.ScreenShots.takesScreenshot(ScreenShots.java:22)
	at com.SauceDemo.UtilityClasses.Listeners.onTestSuccess(Listeners.java:23)
	at java.base/java.util.ArrayList.forEach(ArrayList.java:1511)
... Removed 24 stack frames</div></td></tr></table><p class="totop"><a href="#summary">back to summary</a></p>
<h3 id="m11">com.SauceDemo.TESTClasses.TC06LogoutFunctionality#logoutFunctionality</h3><table class="result"><tr><th>Exception</th></tr><tr><td><div class="stacktrace">java.lang.NullPointerException: Cannot invoke &quot;org.openqa.selenium.WebDriver.getTitle()&quot; because &quot;driver&quot; is null
	at com.SauceDemo.UtilityClasses.ScreenShots.takesScreenshot(ScreenShots.java:22)
	at com.SauceDemo.UtilityClasses.Listeners.onTestSuccess(Listeners.java:23)
	at java.base/java.util.ArrayList.forEach(ArrayList.java:1511)
... Removed 24 stack frames</div></td></tr></table><p class="totop"><a href="#summary">back to summary</a></p>
</body>
</html>
