<?xml version="1.0" encoding="UTF-8"?>
<testng-results ignored="0" total="12" passed="0" failed="12" skipped="0">
  <reporter-output>
  </reporter-output>
  <suite started-at="2022-05-31T17:13:45 IST" name="Suite" finished-at="2022-05-31T17:18:33 IST" duration-ms="288484">
    <groups>
    </groups>
    <test started-at="2022-05-31T17:13:45 IST" name="ChromeTest" finished-at="2022-05-31T17:15:13 IST" duration-ms="87979">
      <class name="com.SauceDemo.TESTClasses.TC05DropdownFunctionality">
        <test-method signature="DropDownFunctionality()[pri:4, instance:com.SauceDemo.TESTClasses.TC05DropdownFunctionality@6283d8b8]" started-at="2022-05-31T17:13:45 IST" name="DropDownFunctionality" finished-at="2022-05-31T17:13:59 IST" duration-ms="14240" status="FAIL">
          <exception class="java.lang.NullPointerException">
            <message>
              <![CDATA[Cannot invoke "org.openqa.selenium.WebDriver.getTitle()" because "driver" is null]]>
            </message>
            <full-stacktrace>
              <![CDATA[java.lang.NullPointerException: Cannot invoke "org.openqa.selenium.WebDriver.getTitle()" because "driver" is null
at com.SauceDemo.UtilityClasses.ScreenShots.takesScreenshot(ScreenShots.java:22)
at com.SauceDemo.UtilityClasses.Listeners.onTestSuccess(Listeners.java:23)
at org.testng.internal.TestListenerHelper.runTestListeners(TestListenerHelper.java:100)
at org.testng.internal.TestInvoker.runTestResultListener(TestInvoker.java:219)
at org.testng.internal.TestInvoker.invokeMethod(TestInvoker.java:656)
at org.testng.internal.TestInvoker.invokeTestMethod(TestInvoker.java:173)
at org.testng.internal.MethodRunner.runInSequence(MethodRunner.java:46)
at org.testng.internal.TestInvoker$MethodInvocationAgent.invoke(TestInvoker.java:824)
at org.testng.internal.TestInvoker.invokeTestMethods(TestInvoker.java:146)
at org.testng.internal.TestMethodWorker.invokeTestMethods(TestMethodWorker.java:146)
at org.testng.internal.TestMethodWorker.run(TestMethodWorker.java:128)
at java.base/java.util.concurrent.ThreadPoolExecutor.runWorker(ThreadPoolExecutor.java:1136)
at java.base/java.util.concurrent.ThreadPoolExecutor$Worker.run(ThreadPoolExecutor.java:635)
at java.base/java.lang.Thread.run(Thread.java:833)
]]>
            </full-stacktrace>
          </exception> <!-- java.lang.NullPointerException -->
          <reporter-output>
          </reporter-output>
        </test-method> <!-- DropDownFunctionality -->
        <test-method is-config="true" signature="setUpMethod(java.lang.String)[pri:0, instance:com.SauceDemo.TESTClasses.TC05DropdownFunctionality@6283d8b8]" started-at="2022-05-31T17:13:45 IST" name="setUpMethod" finished-at="2022-05-31T17:13:58 IST" duration-ms="12916" status="PASS">
          <params>
            <param index="0">
              <value>
                <![CDATA[Chrome]]>
              </value>
            </param>
          </params>
          <reporter-output>
          </reporter-output>
        </test-method> <!-- setUpMethod -->
      </class> <!-- com.SauceDemo.TESTClasses.TC05DropdownFunctionality -->
      <class name="com.SauceDemo.TESTClasses.TC04MenuButtonFunctionality">
        <test-method is-config="true" signature="setUpMethod(java.lang.String)[pri:0, instance:com.SauceDemo.TESTClasses.TC04MenuButtonFunctionality@3b6ddd1d]" started-at="2022-05-31T17:13:45 IST" name="setUpMethod" finished-at="2022-05-31T17:14:01 IST" duration-ms="16448" status="PASS">
          <params>
            <param index="0">
              <value>
                <![CDATA[Chrome]]>
              </value>
            </param>
          </params>
          <reporter-output>
          </reporter-output>
        </test-method> <!-- setUpMethod -->
        <test-method signature="menuButtonFunctionality()[pri:3, instance:com.SauceDemo.TESTClasses.TC04MenuButtonFunctionality@3b6ddd1d]" started-at="2022-05-31T17:14:01 IST" name="menuButtonFunctionality" finished-at="2022-05-31T17:15:12 IST" duration-ms="71144" status="FAIL">
          <exception class="java.lang.AssertionError">
            <message>
              <![CDATA[expected [https://www.saucedemo.com/inventory.html] but found [https://saucelabs.com/]]]>
            </message>
            <full-stacktrace>
              <![CDATA[java.lang.AssertionError: expected [https://www.saucedemo.com/inventory.html] but found [https://saucelabs.com/]
at org.testng.Assert.fail(Assert.java:99)
at org.testng.Assert.failNotEquals(Assert.java:1037)
at org.testng.Assert.assertEqualsImpl(Assert.java:140)
at org.testng.Assert.assertEquals(Assert.java:122)
at org.testng.Assert.assertEquals(Assert.java:629)
at org.testng.Assert.assertEquals(Assert.java:639)
at com.SauceDemo.TESTClasses.TC04MenuButtonFunctionality.menuButtonFunctionality(TC04MenuButtonFunctionality.java:42)
at java.base/jdk.internal.reflect.NativeMethodAccessorImpl.invoke0(Native Method)
at java.base/jdk.internal.reflect.NativeMethodAccessorImpl.invoke(NativeMethodAccessorImpl.java:77)
at java.base/jdk.internal.reflect.DelegatingMethodAccessorImpl.invoke(DelegatingMethodAccessorImpl.java:43)
at java.base/java.lang.reflect.Method.invoke(Method.java:568)
at org.testng.internal.MethodInvocationHelper.invokeMethod(MethodInvocationHelper.java:133)
at org.testng.internal.TestInvoker.invokeMethod(TestInvoker.java:598)
at org.testng.internal.TestInvoker.invokeTestMethod(TestInvoker.java:173)
at org.testng.internal.MethodRunner.runInSequence(MethodRunner.java:46)
at org.testng.internal.TestInvoker$MethodInvocationAgent.invoke(TestInvoker.java:824)
at org.testng.internal.TestInvoker.invokeTestMethods(TestInvoker.java:146)
at org.testng.internal.TestMethodWorker.invokeTestMethods(TestMethodWorker.java:146)
at org.testng.internal.TestMethodWorker.run(TestMethodWorker.java:128)
at java.base/java.util.concurrent.ThreadPoolExecutor.runWorker(ThreadPoolExecutor.java:1136)
at java.base/java.util.concurrent.ThreadPoolExecutor$Worker.run(ThreadPoolExecutor.java:635)
at java.base/java.lang.Thread.run(Thread.java:833)
]]>
            </full-stacktrace>
          </exception> <!-- java.lang.AssertionError -->
          <reporter-output>
          </reporter-output>
        </test-method> <!-- menuButtonFunctionality -->
        <test-method is-config="true" signature="tearDown()[pri:0, instance:com.SauceDemo.TESTClasses.TC04MenuButtonFunctionality@3b6ddd1d]" started-at="2022-05-31T17:15:12 IST" name="tearDown" finished-at="2022-05-31T17:15:13 IST" duration-ms="307" status="PASS">
          <reporter-output>
          </reporter-output>
        </test-method> <!-- tearDown -->
      </class> <!-- com.SauceDemo.TESTClasses.TC04MenuButtonFunctionality -->
      <class name="com.SauceDemo.TESTClasses.TC06LogoutFunctionality">
        <test-method signature="logoutFunctionality()[pri:5, instance:com.SauceDemo.TESTClasses.TC06LogoutFunctionality@33990a0c]" started-at="2022-05-31T17:13:45 IST" name="logoutFunctionality" finished-at="2022-05-31T17:14:03 IST" duration-ms="18689" status="FAIL">
          <exception class="java.lang.NullPointerException">
            <message>
              <![CDATA[Cannot invoke "org.openqa.selenium.WebDriver.getTitle()" because "driver" is null]]>
            </message>
            <full-stacktrace>
              <![CDATA[java.lang.NullPointerException: Cannot invoke "org.openqa.selenium.WebDriver.getTitle()" because "driver" is null
at com.SauceDemo.UtilityClasses.ScreenShots.takesScreenshot(ScreenShots.java:22)
at com.SauceDemo.UtilityClasses.Listeners.onTestSuccess(Listeners.java:23)
at org.testng.internal.TestListenerHelper.runTestListeners(TestListenerHelper.java:100)
at org.testng.internal.TestInvoker.runTestResultListener(TestInvoker.java:219)
at org.testng.internal.TestInvoker.invokeMethod(TestInvoker.java:656)
at org.testng.internal.TestInvoker.invokeTestMethod(TestInvoker.java:173)
at org.testng.internal.MethodRunner.runInSequence(MethodRunner.java:46)
at org.testng.internal.TestInvoker$MethodInvocationAgent.invoke(TestInvoker.java:824)
at org.testng.internal.TestInvoker.invokeTestMethods(TestInvoker.java:146)
at org.testng.internal.TestMethodWorker.invokeTestMethods(TestMethodWorker.java:146)
at org.testng.internal.TestMethodWorker.run(TestMethodWorker.java:128)
at java.base/java.util.concurrent.ThreadPoolExecutor.runWorker(ThreadPoolExecutor.java:1136)
at java.base/java.util.concurrent.ThreadPoolExecutor$Worker.run(ThreadPoolExecutor.java:635)
at java.base/java.lang.Thread.run(Thread.java:833)
]]>
            </full-stacktrace>
          </exception> <!-- java.lang.NullPointerException -->
          <reporter-output>
          </reporter-output>
        </test-method> <!-- logoutFunctionality -->
        <test-method is-config="true" signature="setUpMethod(java.lang.String)[pri:0, instance:com.SauceDemo.TESTClasses.TC06LogoutFunctionality@33990a0c]" started-at="2022-05-31T17:13:45 IST" name="setUpMethod" finished-at="2022-05-31T17:14:02 IST" duration-ms="17441" status="PASS">
          <params>
            <param index="0">
              <value>
                <![CDATA[Chrome]]>
              </value>
            </param>
          </params>
          <reporter-output>
          </reporter-output>
        </test-method> <!-- setUpMethod -->
      </class> <!-- com.SauceDemo.TESTClasses.TC06LogoutFunctionality -->
      <class name="com.SauceDemo.TESTClasses.TC01LoginFunctionality">
        <test-method signature="verifyLoginFunctionality()[pri:0, instance:com.SauceDemo.TESTClasses.TC01LoginFunctionality@3f6b0be5]" started-at="2022-05-31T17:13:45 IST" name="verifyLoginFunctionality" finished-at="2022-05-31T17:14:04 IST" duration-ms="19224" status="FAIL">
          <exception class="java.lang.NullPointerException">
            <message>
              <![CDATA[Cannot invoke "org.openqa.selenium.WebDriver.getTitle()" because "driver" is null]]>
            </message>
            <full-stacktrace>
              <![CDATA[java.lang.NullPointerException: Cannot invoke "org.openqa.selenium.WebDriver.getTitle()" because "driver" is null
at com.SauceDemo.UtilityClasses.ScreenShots.takesScreenshot(ScreenShots.java:22)
at com.SauceDemo.UtilityClasses.Listeners.onTestSuccess(Listeners.java:23)
at org.testng.internal.TestListenerHelper.runTestListeners(TestListenerHelper.java:100)
at org.testng.internal.TestInvoker.runTestResultListener(TestInvoker.java:219)
at org.testng.internal.TestInvoker.invokeMethod(TestInvoker.java:656)
at org.testng.internal.TestInvoker.invokeTestMethod(TestInvoker.java:173)
at org.testng.internal.MethodRunner.runInSequence(MethodRunner.java:46)
at org.testng.internal.TestInvoker$MethodInvocationAgent.invoke(TestInvoker.java:824)
at org.testng.internal.TestInvoker.invokeTestMethods(TestInvoker.java:146)
at org.testng.internal.TestMethodWorker.invokeTestMethods(TestMethodWorker.java:146)
at org.testng.internal.TestMethodWorker.run(TestMethodWorker.java:128)
at java.base/java.util.concurrent.ThreadPoolExecutor.runWorker(ThreadPoolExecutor.java:1136)
at java.base/java.util.concurrent.ThreadPoolExecutor$Worker.run(ThreadPoolExecutor.java:635)
at java.base/java.lang.Thread.run(Thread.java:833)
]]>
            </full-stacktrace>
          </exception> <!-- java.lang.NullPointerException -->
          <reporter-output>
          </reporter-output>
        </test-method> <!-- verifyLoginFunctionality -->
        <test-method is-config="true" signature="setUpMethod(java.lang.String)[pri:0, instance:com.SauceDemo.TESTClasses.TC01LoginFunctionality@3f6b0be5]" started-at="2022-05-31T17:13:45 IST" name="setUpMethod" finished-at="2022-05-31T17:14:03 IST" duration-ms="18405" status="PASS">
          <params>
            <param index="0">
              <value>
                <![CDATA[Chrome]]>
              </value>
            </param>
          </params>
          <reporter-output>
          </reporter-output>
        </test-method> <!-- setUpMethod -->
      </class> <!-- com.SauceDemo.TESTClasses.TC01LoginFunctionality -->
      <class name="com.SauceDemo.TESTClasses.TC02AddToCartSingleProductFunctionality">
        <test-method signature="SingleProductAddTOCartFunctionality()[pri:1, instance:com.SauceDemo.TESTClasses.TC02AddToCartSingleProductFunctionality@22ef9844]" started-at="2022-05-31T17:13:45 IST" name="SingleProductAddTOCartFunctionality" finished-at="2022-05-31T17:14:03 IST" duration-ms="18746" status="FAIL">
          <exception class="java.lang.NullPointerException">
            <message>
              <![CDATA[Cannot invoke "org.openqa.selenium.WebDriver.getTitle()" because "driver" is null]]>
            </message>
            <full-stacktrace>
              <![CDATA[java.lang.NullPointerException: Cannot invoke "org.openqa.selenium.WebDriver.getTitle()" because "driver" is null
at com.SauceDemo.UtilityClasses.ScreenShots.takesScreenshot(ScreenShots.java:22)
at com.SauceDemo.UtilityClasses.Listeners.onTestSuccess(Listeners.java:23)
at org.testng.internal.TestListenerHelper.runTestListeners(TestListenerHelper.java:100)
at org.testng.internal.TestInvoker.runTestResultListener(TestInvoker.java:219)
at org.testng.internal.TestInvoker.invokeMethod(TestInvoker.java:656)
at org.testng.internal.TestInvoker.invokeTestMethod(TestInvoker.java:173)
at org.testng.internal.MethodRunner.runInSequence(MethodRunner.java:46)
at org.testng.internal.TestInvoker$MethodInvocationAgent.invoke(TestInvoker.java:824)
at org.testng.internal.TestInvoker.invokeTestMethods(TestInvoker.java:146)
at org.testng.internal.TestMethodWorker.invokeTestMethods(TestMethodWorker.java:146)
at org.testng.internal.TestMethodWorker.run(TestMethodWorker.java:128)
at java.base/java.util.concurrent.ThreadPoolExecutor.runWorker(ThreadPoolExecutor.java:1136)
at java.base/java.util.concurrent.ThreadPoolExecutor$Worker.run(ThreadPoolExecutor.java:635)
at java.base/java.lang.Thread.run(Thread.java:833)
]]>
            </full-stacktrace>
          </exception> <!-- java.lang.NullPointerException -->
          <reporter-output>
          </reporter-output>
        </test-method> <!-- SingleProductAddTOCartFunctionality -->
        <test-method is-config="true" signature="setUpMethod(java.lang.String)[pri:0, instance:com.SauceDemo.TESTClasses.TC02AddToCartSingleProductFunctionality@22ef9844]" started-at="2022-05-31T17:13:45 IST" name="setUpMethod" finished-at="2022-05-31T17:14:03 IST" duration-ms="18251" status="PASS">
          <params>
            <param index="0">
              <value>
                <![CDATA[Chrome]]>
              </value>
            </param>
          </params>
          <reporter-output>
          </reporter-output>
        </test-method> <!-- setUpMethod -->
      </class> <!-- com.SauceDemo.TESTClasses.TC02AddToCartSingleProductFunctionality -->
      <class name="com.SauceDemo.TESTClasses.TC03AddToCartMultiProductFunctionality">
        <test-method signature="multiProductAddTOCartFunctionality()[pri:2, instance:com.SauceDemo.TESTClasses.TC03AddToCartMultiProductFunctionality@611889f4]" started-at="2022-05-31T17:13:45 IST" name="multiProductAddTOCartFunctionality" finished-at="2022-05-31T17:14:04 IST" duration-ms="19706" status="FAIL">
          <exception class="java.lang.NullPointerException">
            <message>
              <![CDATA[Cannot invoke "org.openqa.selenium.WebDriver.getTitle()" because "driver" is null]]>
            </message>
            <full-stacktrace>
              <![CDATA[java.lang.NullPointerException: Cannot invoke "org.openqa.selenium.WebDriver.getTitle()" because "driver" is null
at com.SauceDemo.UtilityClasses.ScreenShots.takesScreenshot(ScreenShots.java:22)
at com.SauceDemo.UtilityClasses.Listeners.onTestSuccess(Listeners.java:23)
at org.testng.internal.TestListenerHelper.runTestListeners(TestListenerHelper.java:100)
at org.testng.internal.TestInvoker.runTestResultListener(TestInvoker.java:219)
at org.testng.internal.TestInvoker.invokeMethod(TestInvoker.java:656)
at org.testng.internal.TestInvoker.invokeTestMethod(TestInvoker.java:173)
at org.testng.internal.MethodRunner.runInSequence(MethodRunner.java:46)
at org.testng.internal.TestInvoker$MethodInvocationAgent.invoke(TestInvoker.java:824)
at org.testng.internal.TestInvoker.invokeTestMethods(TestInvoker.java:146)
at org.testng.internal.TestMethodWorker.invokeTestMethods(TestMethodWorker.java:146)
at org.testng.internal.TestMethodWorker.run(TestMethodWorker.java:128)
at java.base/java.util.concurrent.ThreadPoolExecutor.runWorker(ThreadPoolExecutor.java:1136)
at java.base/java.util.concurrent.ThreadPoolExecutor$Worker.run(ThreadPoolExecutor.java:635)
at java.base/java.lang.Thread.run(Thread.java:833)
]]>
            </full-stacktrace>
          </exception> <!-- java.lang.NullPointerException -->
          <reporter-output>
          </reporter-output>
        </test-method> <!-- multiProductAddTOCartFunctionality -->
        <test-method is-config="true" signature="setUpMethod(java.lang.String)[pri:0, instance:com.SauceDemo.TESTClasses.TC03AddToCartMultiProductFunctionality@611889f4]" started-at="2022-05-31T17:13:45 IST" name="setUpMethod" finished-at="2022-05-31T17:14:02 IST" duration-ms="17472" status="PASS">
          <params>
            <param index="0">
              <value>
                <![CDATA[Chrome]]>
              </value>
            </param>
          </params>
          <reporter-output>
          </reporter-output>
        </test-method> <!-- setUpMethod -->
      </class> <!-- com.SauceDemo.TESTClasses.TC03AddToCartMultiProductFunctionality -->
    </test> <!-- ChromeTest -->
    <test started-at="2022-05-31T17:15:13 IST" name="FirefoxTest" finished-at="2022-05-31T17:18:33 IST" duration-ms="200447">
      <class name="com.SauceDemo.TESTClasses.TC04MenuButtonFunctionality">
        <test-method signature="menuButtonFunctionality()[pri:3, instance:com.SauceDemo.TESTClasses.TC04MenuButtonFunctionality@957e06]" started-at="2022-05-31T17:16:09 IST" name="menuButtonFunctionality" finished-at="2022-05-31T17:16:37 IST" duration-ms="27822" status="FAIL">
          <exception class="java.lang.NullPointerException">
            <message>
              <![CDATA[Cannot invoke "org.openqa.selenium.WebDriver.getTitle()" because "driver" is null]]>
            </message>
            <full-stacktrace>
              <![CDATA[java.lang.NullPointerException: Cannot invoke "org.openqa.selenium.WebDriver.getTitle()" because "driver" is null
at com.SauceDemo.UtilityClasses.ScreenShots.takesScreenshot(ScreenShots.java:22)
at com.SauceDemo.UtilityClasses.Listeners.onTestSuccess(Listeners.java:23)
at org.testng.internal.TestListenerHelper.runTestListeners(TestListenerHelper.java:100)
at org.testng.internal.TestInvoker.runTestResultListener(TestInvoker.java:219)
at org.testng.internal.TestInvoker.invokeMethod(TestInvoker.java:656)
at org.testng.internal.TestInvoker.invokeTestMethod(TestInvoker.java:173)
at org.testng.internal.MethodRunner.runInSequence(MethodRunner.java:46)
at org.testng.internal.TestInvoker$MethodInvocationAgent.invoke(TestInvoker.java:824)
at org.testng.internal.TestInvoker.invokeTestMethods(TestInvoker.java:146)
at org.testng.internal.TestMethodWorker.invokeTestMethods(TestMethodWorker.java:146)
at org.testng.internal.TestMethodWorker.run(TestMethodWorker.java:128)
at java.base/java.util.ArrayList.forEach(ArrayList.java:1511)
at org.testng.TestRunner.privateRun(TestRunner.java:794)
at org.testng.TestRunner.run(TestRunner.java:596)
at org.testng.SuiteRunner.runTest(SuiteRunner.java:377)
at org.testng.SuiteRunner.runSequentially(SuiteRunner.java:371)
at org.testng.SuiteRunner.privateRun(SuiteRunner.java:332)
at org.testng.SuiteRunner.run(SuiteRunner.java:276)
at org.testng.SuiteRunnerWorker.runSuite(SuiteRunnerWorker.java:53)
at org.testng.SuiteRunnerWorker.run(SuiteRunnerWorker.java:96)
at org.testng.TestNG.runSuitesSequentially(TestNG.java:1212)
at org.testng.TestNG.runSuitesLocally(TestNG.java:1134)
at org.testng.TestNG.runSuites(TestNG.java:1063)
at org.testng.TestNG.run(TestNG.java:1031)
at org.testng.remote.AbstractRemoteTestNG.run(AbstractRemoteTestNG.java:115)
at org.testng.remote.RemoteTestNG.initAndRun(RemoteTestNG.java:251)
at org.testng.remote.RemoteTestNG.main(RemoteTestNG.java:77)
]]>
            </full-stacktrace>
          </exception> <!-- java.lang.NullPointerException -->
          <reporter-output>
          </reporter-output>
        </test-method> <!-- menuButtonFunctionality -->
        <test-method is-config="true" signature="setUpMethod(java.lang.String)[pri:0, instance:com.SauceDemo.TESTClasses.TC04MenuButtonFunctionality@957e06]" started-at="2022-05-31T17:16:09 IST" name="setUpMethod" finished-at="2022-05-31T17:16:31 IST" duration-ms="22316" status="PASS">
          <params>
            <param index="0">
              <value>
                <![CDATA[Firefox]]>
              </value>
            </param>
          </params>
          <reporter-output>
          </reporter-output>
        </test-method> <!-- setUpMethod -->
      </class> <!-- com.SauceDemo.TESTClasses.TC04MenuButtonFunctionality -->
      <class name="com.SauceDemo.TESTClasses.TC05DropdownFunctionality">
        <test-method is-config="true" signature="setUpMethod(java.lang.String)[pri:0, instance:com.SauceDemo.TESTClasses.TC05DropdownFunctionality@31fa1761]" started-at="2022-05-31T17:15:38 IST" name="setUpMethod" finished-at="2022-05-31T17:16:08 IST" duration-ms="30141" status="PASS">
          <params>
            <param index="0">
              <value>
                <![CDATA[Firefox]]>
              </value>
            </param>
          </params>
          <reporter-output>
          </reporter-output>
        </test-method> <!-- setUpMethod -->
        <test-method signature="DropDownFunctionality()[pri:4, instance:com.SauceDemo.TESTClasses.TC05DropdownFunctionality@31fa1761]" started-at="2022-05-31T17:15:38 IST" name="DropDownFunctionality" finished-at="2022-05-31T17:16:09 IST" duration-ms="30512" status="FAIL">
          <exception class="java.lang.NullPointerException">
            <message>
              <![CDATA[Cannot invoke "org.openqa.selenium.WebDriver.getTitle()" because "driver" is null]]>
            </message>
            <full-stacktrace>
              <![CDATA[java.lang.NullPointerException: Cannot invoke "org.openqa.selenium.WebDriver.getTitle()" because "driver" is null
at com.SauceDemo.UtilityClasses.ScreenShots.takesScreenshot(ScreenShots.java:22)
at com.SauceDemo.UtilityClasses.Listeners.onTestSuccess(Listeners.java:23)
at org.testng.internal.TestListenerHelper.runTestListeners(TestListenerHelper.java:100)
at org.testng.internal.TestInvoker.runTestResultListener(TestInvoker.java:219)
at org.testng.internal.TestInvoker.invokeMethod(TestInvoker.java:656)
at org.testng.internal.TestInvoker.invokeTestMethod(TestInvoker.java:173)
at org.testng.internal.MethodRunner.runInSequence(MethodRunner.java:46)
at org.testng.internal.TestInvoker$MethodInvocationAgent.invoke(TestInvoker.java:824)
at org.testng.internal.TestInvoker.invokeTestMethods(TestInvoker.java:146)
at org.testng.internal.TestMethodWorker.invokeTestMethods(TestMethodWorker.java:146)
at org.testng.internal.TestMethodWorker.run(TestMethodWorker.java:128)
at java.base/java.util.ArrayList.forEach(ArrayList.java:1511)
at org.testng.TestRunner.privateRun(TestRunner.java:794)
at org.testng.TestRunner.run(TestRunner.java:596)
at org.testng.SuiteRunner.runTest(SuiteRunner.java:377)
at org.testng.SuiteRunner.runSequentially(SuiteRunner.java:371)
at org.testng.SuiteRunner.privateRun(SuiteRunner.java:332)
at org.testng.SuiteRunner.run(SuiteRunner.java:276)
at org.testng.SuiteRunnerWorker.runSuite(SuiteRunnerWorker.java:53)
at org.testng.SuiteRunnerWorker.run(SuiteRunnerWorker.java:96)
at org.testng.TestNG.runSuitesSequentially(TestNG.java:1212)
at org.testng.TestNG.runSuitesLocally(TestNG.java:1134)
at org.testng.TestNG.runSuites(TestNG.java:1063)
at org.testng.TestNG.run(TestNG.java:1031)
at org.testng.remote.AbstractRemoteTestNG.run(AbstractRemoteTestNG.java:115)
at org.testng.remote.RemoteTestNG.initAndRun(RemoteTestNG.java:251)
at org.testng.remote.RemoteTestNG.main(RemoteTestNG.java:77)
]]>
            </full-stacktrace>
          </exception> <!-- java.lang.NullPointerException -->
          <reporter-output>
          </reporter-output>
        </test-method> <!-- DropDownFunctionality -->
      </class> <!-- com.SauceDemo.TESTClasses.TC05DropdownFunctionality -->
      <class name="com.SauceDemo.TESTClasses.TC06LogoutFunctionality">
        <test-method is-config="true" signature="setUpMethod(java.lang.String)[pri:0, instance:com.SauceDemo.TESTClasses.TC06LogoutFunctionality@6404f418]" started-at="2022-05-31T17:15:13 IST" name="setUpMethod" finished-at="2022-05-31T17:15:22 IST" duration-ms="9694" status="PASS">
          <params>
            <param index="0">
              <value>
                <![CDATA[Firefox]]>
              </value>
            </param>
          </params>
          <reporter-output>
          </reporter-output>
        </test-method> <!-- setUpMethod -->
        <test-method signature="logoutFunctionality()[pri:5, instance:com.SauceDemo.TESTClasses.TC06LogoutFunctionality@6404f418]" started-at="2022-05-31T17:15:13 IST" name="logoutFunctionality" finished-at="2022-05-31T17:15:23 IST" duration-ms="10210" status="FAIL">
          <exception class="java.lang.NullPointerException">
            <message>
              <![CDATA[Cannot invoke "org.openqa.selenium.WebDriver.getTitle()" because "driver" is null]]>
            </message>
            <full-stacktrace>
              <![CDATA[java.lang.NullPointerException: Cannot invoke "org.openqa.selenium.WebDriver.getTitle()" because "driver" is null
at com.SauceDemo.UtilityClasses.ScreenShots.takesScreenshot(ScreenShots.java:22)
at com.SauceDemo.UtilityClasses.Listeners.onTestSuccess(Listeners.java:23)
at org.testng.internal.TestListenerHelper.runTestListeners(TestListenerHelper.java:100)
at org.testng.internal.TestInvoker.runTestResultListener(TestInvoker.java:219)
at org.testng.internal.TestInvoker.invokeMethod(TestInvoker.java:656)
at org.testng.internal.TestInvoker.invokeTestMethod(TestInvoker.java:173)
at org.testng.internal.MethodRunner.runInSequence(MethodRunner.java:46)
at org.testng.internal.TestInvoker$MethodInvocationAgent.invoke(TestInvoker.java:824)
at org.testng.internal.TestInvoker.invokeTestMethods(TestInvoker.java:146)
at org.testng.internal.TestMethodWorker.invokeTestMethods(TestMethodWorker.java:146)
at org.testng.internal.TestMethodWorker.run(TestMethodWorker.java:128)
at java.base/java.util.ArrayList.forEach(ArrayList.java:1511)
at org.testng.TestRunner.privateRun(TestRunner.java:794)
at org.testng.TestRunner.run(TestRunner.java:596)
at org.testng.SuiteRunner.runTest(SuiteRunner.java:377)
at org.testng.SuiteRunner.runSequentially(SuiteRunner.java:371)
at org.testng.SuiteRunner.privateRun(SuiteRunner.java:332)
at org.testng.SuiteRunner.run(SuiteRunner.java:276)
at org.testng.SuiteRunnerWorker.runSuite(SuiteRunnerWorker.java:53)
at org.testng.SuiteRunnerWorker.run(SuiteRunnerWorker.java:96)
at org.testng.TestNG.runSuitesSequentially(TestNG.java:1212)
at org.testng.TestNG.runSuitesLocally(TestNG.java:1134)
at org.testng.TestNG.runSuites(TestNG.java:1063)
at org.testng.TestNG.run(TestNG.java:1031)
at org.testng.remote.AbstractRemoteTestNG.run(AbstractRemoteTestNG.java:115)
at org.testng.remote.RemoteTestNG.initAndRun(RemoteTestNG.java:251)
at org.testng.remote.RemoteTestNG.main(RemoteTestNG.java:77)
]]>
            </full-stacktrace>
          </exception> <!-- java.lang.NullPointerException -->
          <reporter-output>
          </reporter-output>
        </test-method> <!-- logoutFunctionality -->
      </class> <!-- com.SauceDemo.TESTClasses.TC06LogoutFunctionality -->
      <class name="com.SauceDemo.TESTClasses.TC01LoginFunctionality">
        <test-method is-config="true" signature="setUpMethod(java.lang.String)[pri:0, instance:com.SauceDemo.TESTClasses.TC01LoginFunctionality@32502377]" started-at="2022-05-31T17:16:37 IST" name="setUpMethod" finished-at="2022-05-31T17:18:05 IST" duration-ms="87933" status="PASS">
          <params>
            <param index="0">
              <value>
                <![CDATA[Firefox]]>
              </value>
            </param>
          </params>
          <reporter-output>
          </reporter-output>
        </test-method> <!-- setUpMethod -->
        <test-method signature="verifyLoginFunctionality()[pri:0, instance:com.SauceDemo.TESTClasses.TC01LoginFunctionality@32502377]" started-at="2022-05-31T17:16:37 IST" name="verifyLoginFunctionality" finished-at="2022-05-31T17:18:05 IST" duration-ms="88017" status="FAIL">
          <exception class="java.lang.NullPointerException">
            <message>
              <![CDATA[Cannot invoke "org.openqa.selenium.WebDriver.getTitle()" because "driver" is null]]>
            </message>
            <full-stacktrace>
              <![CDATA[java.lang.NullPointerException: Cannot invoke "org.openqa.selenium.WebDriver.getTitle()" because "driver" is null
at com.SauceDemo.UtilityClasses.ScreenShots.takesScreenshot(ScreenShots.java:22)
at com.SauceDemo.UtilityClasses.Listeners.onTestSuccess(Listeners.java:23)
at org.testng.internal.TestListenerHelper.runTestListeners(TestListenerHelper.java:100)
at org.testng.internal.TestInvoker.runTestResultListener(TestInvoker.java:219)
at org.testng.internal.TestInvoker.invokeMethod(TestInvoker.java:656)
at org.testng.internal.TestInvoker.invokeTestMethod(TestInvoker.java:173)
at org.testng.internal.MethodRunner.runInSequence(MethodRunner.java:46)
at org.testng.internal.TestInvoker$MethodInvocationAgent.invoke(TestInvoker.java:824)
at org.testng.internal.TestInvoker.invokeTestMethods(TestInvoker.java:146)
at org.testng.internal.TestMethodWorker.invokeTestMethods(TestMethodWorker.java:146)
at org.testng.internal.TestMethodWorker.run(TestMethodWorker.java:128)
at java.base/java.util.ArrayList.forEach(ArrayList.java:1511)
at org.testng.TestRunner.privateRun(TestRunner.java:794)
at org.testng.TestRunner.run(TestRunner.java:596)
at org.testng.SuiteRunner.runTest(SuiteRunner.java:377)
at org.testng.SuiteRunner.runSequentially(SuiteRunner.java:371)
at org.testng.SuiteRunner.privateRun(SuiteRunner.java:332)
at org.testng.SuiteRunner.run(SuiteRunner.java:276)
at org.testng.SuiteRunnerWorker.runSuite(SuiteRunnerWorker.java:53)
at org.testng.SuiteRunnerWorker.run(SuiteRunnerWorker.java:96)
at org.testng.TestNG.runSuitesSequentially(TestNG.java:1212)
at org.testng.TestNG.runSuitesLocally(TestNG.java:1134)
at org.testng.TestNG.runSuites(TestNG.java:1063)
at org.testng.TestNG.run(TestNG.java:1031)
at org.testng.remote.AbstractRemoteTestNG.run(AbstractRemoteTestNG.java:115)
at org.testng.remote.RemoteTestNG.initAndRun(RemoteTestNG.java:251)
at org.testng.remote.RemoteTestNG.main(RemoteTestNG.java:77)
]]>
            </full-stacktrace>
          </exception> <!-- java.lang.NullPointerException -->
          <reporter-output>
          </reporter-output>
        </test-method> <!-- verifyLoginFunctionality -->
      </class> <!-- com.SauceDemo.TESTClasses.TC01LoginFunctionality -->
      <class name="com.SauceDemo.TESTClasses.TC02AddToCartSingleProductFunctionality">
        <test-method is-config="true" signature="setUpMethod(java.lang.String)[pri:0, instance:com.SauceDemo.TESTClasses.TC02AddToCartSingleProductFunctionality@729d991e]" started-at="2022-05-31T17:15:23 IST" name="setUpMethod" finished-at="2022-05-31T17:15:38 IST" duration-ms="15090" status="PASS">
          <params>
            <param index="0">
              <value>
                <![CDATA[Firefox]]>
              </value>
            </param>
          </params>
          <reporter-output>
          </reporter-output>
        </test-method> <!-- setUpMethod -->
        <test-method signature="SingleProductAddTOCartFunctionality()[pri:1, instance:com.SauceDemo.TESTClasses.TC02AddToCartSingleProductFunctionality@729d991e]" started-at="2022-05-31T17:15:23 IST" name="SingleProductAddTOCartFunctionality" finished-at="2022-05-31T17:15:38 IST" duration-ms="15343" status="FAIL">
          <exception class="java.lang.NullPointerException">
            <message>
              <![CDATA[Cannot invoke "org.openqa.selenium.WebDriver.getTitle()" because "driver" is null]]>
            </message>
            <full-stacktrace>
              <![CDATA[java.lang.NullPointerException: Cannot invoke "org.openqa.selenium.WebDriver.getTitle()" because "driver" is null
at com.SauceDemo.UtilityClasses.ScreenShots.takesScreenshot(ScreenShots.java:22)
at com.SauceDemo.UtilityClasses.Listeners.onTestSuccess(Listeners.java:23)
at org.testng.internal.TestListenerHelper.runTestListeners(TestListenerHelper.java:100)
at org.testng.internal.TestInvoker.runTestResultListener(TestInvoker.java:219)
at org.testng.internal.TestInvoker.invokeMethod(TestInvoker.java:656)
at org.testng.internal.TestInvoker.invokeTestMethod(TestInvoker.java:173)
at org.testng.internal.MethodRunner.runInSequence(MethodRunner.java:46)
at org.testng.internal.TestInvoker$MethodInvocationAgent.invoke(TestInvoker.java:824)
at org.testng.internal.TestInvoker.invokeTestMethods(TestInvoker.java:146)
at org.testng.internal.TestMethodWorker.invokeTestMethods(TestMethodWorker.java:146)
at org.testng.internal.TestMethodWorker.run(TestMethodWorker.java:128)
at java.base/java.util.ArrayList.forEach(ArrayList.java:1511)
at org.testng.TestRunner.privateRun(TestRunner.java:794)
at org.testng.TestRunner.run(TestRunner.java:596)
at org.testng.SuiteRunner.runTest(SuiteRunner.java:377)
at org.testng.SuiteRunner.runSequentially(SuiteRunner.java:371)
at org.testng.SuiteRunner.privateRun(SuiteRunner.java:332)
at org.testng.SuiteRunner.run(SuiteRunner.java:276)
at org.testng.SuiteRunnerWorker.runSuite(SuiteRunnerWorker.java:53)
at org.testng.SuiteRunnerWorker.run(SuiteRunnerWorker.java:96)
at org.testng.TestNG.runSuitesSequentially(TestNG.java:1212)
at org.testng.TestNG.runSuitesLocally(TestNG.java:1134)
at org.testng.TestNG.runSuites(TestNG.java:1063)
at org.testng.TestNG.run(TestNG.java:1031)
at org.testng.remote.AbstractRemoteTestNG.run(AbstractRemoteTestNG.java:115)
at org.testng.remote.RemoteTestNG.initAndRun(RemoteTestNG.java:251)
at org.testng.remote.RemoteTestNG.main(RemoteTestNG.java:77)
]]>
            </full-stacktrace>
          </exception> <!-- java.lang.NullPointerException -->
          <reporter-output>
          </reporter-output>
        </test-method> <!-- SingleProductAddTOCartFunctionality -->
      </class> <!-- com.SauceDemo.TESTClasses.TC02AddToCartSingleProductFunctionality -->
      <class name="com.SauceDemo.TESTClasses.TC03AddToCartMultiProductFunctionality">
        <test-method signature="multiProductAddTOCartFunctionality()[pri:2, instance:com.SauceDemo.TESTClasses.TC03AddToCartMultiProductFunctionality@2c1b194a]" started-at="2022-05-31T17:18:05 IST" name="multiProductAddTOCartFunctionality" finished-at="2022-05-31T17:18:33 IST" duration-ms="28509" status="FAIL">
          <exception class="java.lang.NullPointerException">
            <message>
              <![CDATA[Cannot invoke "org.openqa.selenium.WebDriver.getTitle()" because "driver" is null]]>
            </message>
            <full-stacktrace>
              <![CDATA[java.lang.NullPointerException: Cannot invoke "org.openqa.selenium.WebDriver.getTitle()" because "driver" is null
at com.SauceDemo.UtilityClasses.ScreenShots.takesScreenshot(ScreenShots.java:22)
at com.SauceDemo.UtilityClasses.Listeners.onTestSuccess(Listeners.java:23)
at org.testng.internal.TestListenerHelper.runTestListeners(TestListenerHelper.java:100)
at org.testng.internal.TestInvoker.runTestResultListener(TestInvoker.java:219)
at org.testng.internal.TestInvoker.invokeMethod(TestInvoker.java:656)
at org.testng.internal.TestInvoker.invokeTestMethod(TestInvoker.java:173)
at org.testng.internal.MethodRunner.runInSequence(MethodRunner.java:46)
at org.testng.internal.TestInvoker$MethodInvocationAgent.invoke(TestInvoker.java:824)
at org.testng.internal.TestInvoker.invokeTestMethods(TestInvoker.java:146)
at org.testng.internal.TestMethodWorker.invokeTestMethods(TestMethodWorker.java:146)
at org.testng.internal.TestMethodWorker.run(TestMethodWorker.java:128)
at java.base/java.util.ArrayList.forEach(ArrayList.java:1511)
at org.testng.TestRunner.privateRun(TestRunner.java:794)
at org.testng.TestRunner.run(TestRunner.java:596)
at org.testng.SuiteRunner.runTest(SuiteRunner.java:377)
at org.testng.SuiteRunner.runSequentially(SuiteRunner.java:371)
at org.testng.SuiteRunner.privateRun(SuiteRunner.java:332)
at org.testng.SuiteRunner.run(SuiteRunner.java:276)
at org.testng.SuiteRunnerWorker.runSuite(SuiteRunnerWorker.java:53)
at org.testng.SuiteRunnerWorker.run(SuiteRunnerWorker.java:96)
at org.testng.TestNG.runSuitesSequentially(TestNG.java:1212)
at org.testng.TestNG.runSuitesLocally(TestNG.java:1134)
at org.testng.TestNG.runSuites(TestNG.java:1063)
at org.testng.TestNG.run(TestNG.java:1031)
at org.testng.remote.AbstractRemoteTestNG.run(AbstractRemoteTestNG.java:115)
at org.testng.remote.RemoteTestNG.initAndRun(RemoteTestNG.java:251)
at org.testng.remote.RemoteTestNG.main(RemoteTestNG.java:77)
]]>
            </full-stacktrace>
          </exception> <!-- java.lang.NullPointerException -->
          <reporter-output>
          </reporter-output>
        </test-method> <!-- multiProductAddTOCartFunctionality -->
        <test-method is-config="true" signature="setUpMethod(java.lang.String)[pri:0, instance:com.SauceDemo.TESTClasses.TC03AddToCartMultiProductFunctionality@2c1b194a]" started-at="2022-05-31T17:18:05 IST" name="setUpMethod" finished-at="2022-05-31T17:18:32 IST" duration-ms="26921" status="PASS">
          <params>
            <param index="0">
              <value>
                <![CDATA[Firefox]]>
              </value>
            </param>
          </params>
          <reporter-output>
          </reporter-output>
        </test-method> <!-- setUpMethod -->
      </class> <!-- com.SauceDemo.TESTClasses.TC03AddToCartMultiProductFunctionality -->
    </test> <!-- FirefoxTest -->
  </suite> <!-- Suite -->
</testng-results>
